2026-01-14T16:12:31.021+05:30  INFO 3913 --- [logging-demo] [main] com.idream.LoggingDemoApplication        : Starting LoggingDemoApplication using Java 21.0.9 with PID 3913 (/Users/bshsvhb/Desktop/Spyder09/Workspace /logging-demo/target/classes started by bshsvhb in /Users/bshsvhb/Desktop/Spyder09/Workspace /logging-demo)
2026-01-14T16:12:31.026+05:30  INFO 3913 --- [logging-demo] [main] com.idream.LoggingDemoApplication        : No active profile set, falling back to 1 default profile: "default"
2026-01-14T16:12:31.698+05:30  INFO 3913 --- [logging-demo] [main] o.s.boot.tomcat.TomcatWebServer          : Tomcat initialized with port 8081 (http)
2026-01-14T16:12:31.709+05:30  INFO 3913 --- [logging-demo] [main] o.apache.catalina.core.StandardService   : Starting service [Tomcat]
2026-01-14T16:12:31.709+05:30  INFO 3913 --- [logging-demo] [main] o.apache.catalina.core.StandardEngine    : Starting Servlet engine: [Apache Tomcat/11.0.15]
2026-01-14T16:12:31.754+05:30  INFO 3913 --- [logging-demo] [main] b.w.c.s.WebApplicationContextInitializer : Root WebApplicationContext: initialization completed in 694 ms
2026-01-14T16:12:32.121+05:30  INFO 3913 --- [logging-demo] [main] o.s.b.a.e.web.EndpointLinksResolver      : Exposing 11 endpoints beneath base path '/actuator'
2026-01-14T16:12:32.171+05:30  INFO 3913 --- [logging-demo] [main] o.s.boot.tomcat.TomcatWebServer          : Tomcat started on port 8081 (http) with context path '/logging-demo'
2026-01-14T16:12:32.178+05:30  INFO 3913 --- [logging-demo] [main] com.idream.LoggingDemoApplication        : Started LoggingDemoApplication in 1.538 seconds (process running for 1.846)
2026-01-14T16:24:28.830+05:30  INFO 3913 --- [logging-demo] [SpringApplicationShutdownHook] o.s.boot.tomcat.GracefulShutdown         : Commencing graceful shutdown. Waiting for active requests to complete
2026-01-14T16:24:28.843+05:30  INFO 3913 --- [logging-demo] [tomcat-shutdown] o.s.boot.tomcat.GracefulShutdown         : Graceful shutdown complete
2026-01-14T16:26:45.643+05:30  INFO 3953 --- [logging-demo] [main] com.idream.LoggingDemoApplication        : Starting LoggingDemoApplication using Java 21.0.9 with PID 3953 (/Users/bshsvhb/Desktop/Spyder09/Workspace /logging-demo/target/classes started by bshsvhb in /Users/bshsvhb/Desktop/Spyder09/Workspace /logging-demo)
2026-01-14T16:26:45.645+05:30  INFO 3953 --- [logging-demo] [main] com.idream.LoggingDemoApplication        : No active profile set, falling back to 1 default profile: "default"
2026-01-14T16:26:46.310+05:30  INFO 3953 --- [logging-demo] [main] o.s.boot.tomcat.TomcatWebServer          : Tomcat initialized with port 8081 (http)
2026-01-14T16:26:46.321+05:30  INFO 3953 --- [logging-demo] [main] o.apache.catalina.core.StandardService   : Starting service [Tomcat]
2026-01-14T16:26:46.322+05:30  INFO 3953 --- [logging-demo] [main] o.apache.catalina.core.StandardEngine    : Starting Servlet engine: [Apache Tomcat/11.0.15]
2026-01-14T16:26:46.356+05:30  INFO 3953 --- [logging-demo] [main] b.w.c.s.WebApplicationContextInitializer : Root WebApplicationContext: initialization completed in 677 ms
2026-01-14T16:26:46.723+05:30  INFO 3953 --- [logging-demo] [main] o.s.b.a.e.web.EndpointLinksResolver      : Exposing 11 endpoints beneath base path '/actuator'
2026-01-14T16:26:46.774+05:30  INFO 3953 --- [logging-demo] [main] o.s.boot.tomcat.TomcatWebServer          : Tomcat started on port 8081 (http) with context path '/logging-demo'
2026-01-14T16:26:46.781+05:30  INFO 3953 --- [logging-demo] [main] com.idream.LoggingDemoApplication        : Started LoggingDemoApplication in 1.515 seconds (process running for 1.812)
2026-01-14T16:27:08.591+05:30  INFO 3953 --- [logging-demo] [http-nio-8081-exec-1] o.a.c.c.C.[.[localhost].[/logging-demo]  : Initializing Spring DispatcherServlet 'dispatcherServlet'
2026-01-14T16:27:08.592+05:30  INFO 3953 --- [logging-demo] [http-nio-8081-exec-1] o.s.web.servlet.DispatcherServlet        : Initializing Servlet 'dispatcherServlet'
2026-01-14T16:27:08.593+05:30  INFO 3953 --- [logging-demo] [http-nio-8081-exec-1] o.s.web.servlet.DispatcherServlet        : Completed initialization in 1 ms
2026-01-14T16:32:20.634+05:30  INFO 3953 --- [logging-demo] [SpringApplicationShutdownHook] o.s.boot.tomcat.GracefulShutdown         : Commencing graceful shutdown. Waiting for active requests to complete
2026-01-14T16:32:20.644+05:30  INFO 3953 --- [logging-demo] [tomcat-shutdown] o.s.boot.tomcat.GracefulShutdown         : Graceful shutdown complete
2026-01-14T16:32:43.581+05:30  INFO 3964 --- [logging-demo] [main] com.idream.LoggingDemoApplication        : Starting LoggingDemoApplication using Java 21.0.9 with PID 3964 (/Users/bshsvhb/Desktop/Spyder09/Workspace /logging-demo/target/classes started by bshsvhb in /Users/bshsvhb/Desktop/Spyder09/Workspace /logging-demo)
2026-01-14T16:32:43.583+05:30  INFO 3964 --- [logging-demo] [main] com.idream.LoggingDemoApplication        : No active profile set, falling back to 1 default profile: "default"
2026-01-14T16:32:44.204+05:30  INFO 3964 --- [logging-demo] [main] o.s.boot.tomcat.TomcatWebServer          : Tomcat initialized with port 8081 (http)
2026-01-14T16:32:44.214+05:30  INFO 3964 --- [logging-demo] [main] o.apache.catalina.core.StandardService   : Starting service [Tomcat]
2026-01-14T16:32:44.215+05:30  INFO 3964 --- [logging-demo] [main] o.apache.catalina.core.StandardEngine    : Starting Servlet engine: [Apache Tomcat/11.0.15]
2026-01-14T16:32:44.255+05:30  INFO 3964 --- [logging-demo] [main] b.w.c.s.WebApplicationContextInitializer : Root WebApplicationContext: initialization completed in 641 ms
2026-01-14T16:32:44.600+05:30  INFO 3964 --- [logging-demo] [main] o.s.b.a.e.web.EndpointLinksResolver      : Exposing 11 endpoints beneath base path '/actuator'
2026-01-14T16:32:44.650+05:30  INFO 3964 --- [logging-demo] [main] o.s.boot.tomcat.TomcatWebServer          : Tomcat started on port 8081 (http) with context path '/logging-demo'
2026-01-14T16:32:44.657+05:30  INFO 3964 --- [logging-demo] [main] com.idream.LoggingDemoApplication        : Started LoggingDemoApplication in 1.398 seconds (process running for 1.673)
2026-01-14T16:33:15.899+05:30  INFO 3964 --- [logging-demo] [SpringApplicationShutdownHook] o.s.boot.tomcat.GracefulShutdown         : Commencing graceful shutdown. Waiting for active requests to complete
2026-01-14T16:33:15.910+05:30  INFO 3964 --- [logging-demo] [tomcat-shutdown] o.s.boot.tomcat.GracefulShutdown         : Graceful shutdown complete
